13:55:24.552 [com.intuit.karate.cli.Main.main()] INFO  com.intuit.karate - Karate version: 1.1.0
13:55:25.182 [com.intuit.karate.cli.Main.main()] DEBUG com.intuit.karate.Suite - [config] classpath:karate-config.js
13:55:25.272 [com.intuit.karate.cli.Main.main()] INFO  c.intuit.karate.core.FeatureRuntime - found scenario at line: 25
13:55:27.585 [com.intuit.karate.cli.Main.main()] INFO  com.intuit.karate - karate.env system property was: null 
13:55:27.669 [com.intuit.karate.cli.Main.main()] INFO  com.intuit.karate - >> lock acquired, begin callonce: read('classpath:helpers/Login.feature')
13:55:29.167 [com.intuit.karate.cli.Main.main()] DEBUG com.intuit.karate - request:
1 > POST https://api.realworld.io/api/users/login
1 > Content-Type: application/json; charset=UTF-8
1 > Content-Length: 67
1 > Host: api.realworld.io
1 > Connection: Keep-Alive
1 > User-Agent: Apache-HttpClient/4.5.13 (Java/1.8.0_221)
1 > Accept-Encoding: gzip,deflate
{"user":{"email":"dmoreno@qvision.com.co","password":"Matrix200."}}

13:55:30.089 [com.intuit.karate.cli.Main.main()] DEBUG com.intuit.karate - response time in milliseconds: 816
1 < 200
1 < Date: Mon, 28 Mar 2022 18:55:34 GMT
1 < Content-Type: application/json; charset=utf-8
1 < Transfer-Encoding: chunked
1 < Connection: keep-alive
1 < X-Powered-By: Express
1 < Access-Control-Allow-Origin: *
1 < Etag: W/"155-DYY5jPebndsu7DakIid2yiTf/R8"
1 < Via: 1.1 vegur
1 < CF-Cache-Status: DYNAMIC
1 < Expect-CT: max-age=604800, report-uri="https://report-uri.cloudflare.com/cdn-cgi/beacon/expect-ct"
1 < Report-To: {"endpoints":[{"url":"https:\/\/a.nel.cloudflare.com\/report\/v3?s=oz2uXEjsLzSIQJ5dGLWHyfRaaKRFAomFNdhClmtGZBCCC8xqwteMSg4DaeOwbKZq73TyFMk4w3EVnk%2BxktO5A%2Fdq%2BN6Jw%2BosAQ7N4qw4qgZ4DWScM%2BG9n%2B%2FVZRhPYe35Yivy"}],"group":"cf-nel","max_age":604800}
1 < NEL: {"success_fraction":0,"report_to":"cf-nel","max_age":604800}
1 < Server: cloudflare
1 < CF-RAY: 6f3294acac8402b6-MIA
1 < alt-svc: h3=":443"; ma=86400, h3-29=":443"; ma=86400
{"user":{"email":"dmoreno@qvision.com.co","username":"DAVID","bio":null,"image":"https://api.realworld.io/images/smiley-cyrus.jpeg","token":"eyJhbGciOiJIUzI1NiIsInR5cCI6IkpXVCJ9.eyJlbWFpbCI6ImRtb3Jlbm9AcXZpc2lvbi5jb20uY28iLCJ1c2VybmFtZSI6IkRBVklEIiwiaWF0IjoxNjQ4NDkzNzM0LCJleHAiOjE2NTM2Nzc3MzR9.b0VJ2ryWlRRIbJyoyk5WEYj7uHgDJMWfoN9QTB4_bmA"}}
13:55:30.108 [com.intuit.karate.cli.Main.main()] INFO  com.intuit.karate - [print] eyJhbGciOiJIUzI1NiIsInR5cCI6IkpXVCJ9.eyJlbWFpbCI6ImRtb3Jlbm9AcXZpc2lvbi5jb20uY28iLCJ1c2VybmFtZSI6IkRBVklEIiwiaWF0IjoxNjQ4NDkzNzM0LCJleHAiOjE2NTM2Nzc3MzR9.b0VJ2ryWlRRIbJyoyk5WEYj7uHgDJMWfoN9QTB4_bmA 
13:55:30.115 [com.intuit.karate.cli.Main.main()] INFO  com.intuit.karate - << lock released, cached callonce: read('classpath:helpers/Login.feature')
13:55:30.138 [com.intuit.karate.cli.Main.main()] DEBUG com.intuit.karate - request:
1 > GET https://api.realworld.io/api/articles?offset=0&limit=10
1 > Authorization: Token eyJhbGciOiJIUzI1NiIsInR5cCI6IkpXVCJ9.eyJlbWFpbCI6ImRtb3Jlbm9AcXZpc2lvbi5jb20uY28iLCJ1c2VybmFtZSI6IkRBVklEIiwiaWF0IjoxNjQ4NDkzNzM0LCJleHAiOjE2NTM2Nzc3MzR9.b0VJ2ryWlRRIbJyoyk5WEYj7uHgDJMWfoN9QTB4_bmA
1 > Host: api.realworld.io
1 > Connection: Keep-Alive
1 > User-Agent: Apache-HttpClient/4.5.13 (Java/1.8.0_221)
1 > Accept-Encoding: gzip,deflate


13:55:30.628 [com.intuit.karate.cli.Main.main()] DEBUG com.intuit.karate - response time in milliseconds: 484
1 < 200
1 < Date: Mon, 28 Mar 2022 18:55:34 GMT
1 < Content-Type: application/json; charset=utf-8
1 < Transfer-Encoding: chunked
1 < Connection: keep-alive
1 < X-Powered-By: Express
1 < Access-Control-Allow-Origin: *
1 < Etag: W/"882-BNkSMI1RtwkJMkbtzt/Necyo6gA"
1 < Via: 1.1 vegur
1 < CF-Cache-Status: DYNAMIC
1 < Expect-CT: max-age=604800, report-uri="https://report-uri.cloudflare.com/cdn-cgi/beacon/expect-ct"
1 < Report-To: {"endpoints":[{"url":"https:\/\/a.nel.cloudflare.com\/report\/v3?s=RWBnQAjaYCSfa9ouAmmGUTMjLIZlXDxIdfE7aLzNwMHOcB0uTLpIgHDokh0ivdD9coafVx%2FbxE6tHbhqSXMg%2BH0s%2BkH3pv16nbNWItHYqeAOGgAuNixhnRSwXjZeWaysoFAP"}],"group":"cf-nel","max_age":604800}
1 < NEL: {"success_fraction":0,"report_to":"cf-nel","max_age":604800}
1 < Server: cloudflare
1 < CF-RAY: 6f3294af9f1d6da4-MIA
1 < alt-svc: h3=":443"; ma=86400, h3-29=":443"; ma=86400
{"articles":[{"slug":"Formacion-Karate-Equipo-2-30180","title":"Formacion Karate Equipo 2","description":"karate Qv","body":"pruebas practica","tagList":["karate","Formación","pruebas","servicios"],"createdAt":"2022-03-16T17:31:04.869Z","updatedAt":"2022-03-16T17:31:04.869Z","favorited":false,"favoritesCount":0,"author":{"username":"DAVID","bio":null,"image":"https://api.realworld.io/images/smiley-cyrus.jpeg","following":false}},{"slug":"Create-a-new-implementation-1","title":"Create a new implementation","description":"join the community by creating a new implementation","body":"Share your knowledge and enpower the community by creating a new implementation","tagList":["implementations"],"createdAt":"2021-11-24T12:11:08.212Z","updatedAt":"2021-11-24T12:11:08.212Z","favorited":false,"favoritesCount":1604,"author":{"username":"Gerome","bio":null,"image":"https://api.realworld.io/images/demo-avatar.png","following":false}},{"slug":"Explore-implementations-1","title":"Explore implementations","description":"discover the implementations created by the RealWorld community","body":"Over 100 implementations have been created using various languages, libraries, and frameworks.\n\nExplore them on CodebaseShow.","tagList":["codebaseShow","implementations"],"createdAt":"2021-11-24T12:11:07.952Z","updatedAt":"2021-11-24T12:11:07.952Z","favorited":false,"favoritesCount":1034,"author":{"username":"Gerome","bio":null,"image":"https://api.realworld.io/images/demo-avatar.png","following":false}},{"slug":"Welcome-to-RealWorld-project-1","title":"Welcome to RealWorld project","description":"Exemplary fullstack Medium.com clone powered by React, Angular, Node, Django, and many more","body":"See how the exact same Medium.com clone (called Conduit) is built using different frontends and backends. Yes, you can mix and match them, because they all adhere to the same API spec","tagList":["welcome","introduction"],"createdAt":"2021-11-24T12:11:07.557Z","updatedAt":"2021-11-24T12:11:07.557Z","favorited":false,"favoritesCount":696,"author":{"username":"Gerome","bio":null,"image":"https://api.realworld.io/images/demo-avatar.png","following":false}}],"articlesCount":4}
13:55:32.767 [com.intuit.karate.cli.Main.main()] INFO  com.intuit.karate.Suite - <<pass>> feature 1 of 1 (0 remaining) src/test/java/conduit/feature/HomePage.feature
